1719556814149|1|statement|connection 10|url jdbc:h2:mem:70c65698-3289-4335-a448-cd232445fcb9|drop table if exists Areas cascade |drop table if exists Areas cascade 
1719556814150|0|statement|connection 10|url jdbc:h2:mem:70c65698-3289-4335-a448-cd232445fcb9|drop table if exists CasNames cascade |drop table if exists CasNames cascade 
1719556814151|0|statement|connection 10|url jdbc:h2:mem:70c65698-3289-4335-a448-cd232445fcb9|drop table if exists CasSyns cascade |drop table if exists CasSyns cascade 
1719556814153|1|statement|connection 10|url jdbc:h2:mem:70c65698-3289-4335-a448-cd232445fcb9|drop table if exists Companies cascade |drop table if exists Companies cascade 
1719556814153|0|statement|connection 10|url jdbc:h2:mem:70c65698-3289-4335-a448-cd232445fcb9|drop table if exists Languages cascade |drop table if exists Languages cascade 
1719556814154|0|statement|connection 10|url jdbc:h2:mem:70c65698-3289-4335-a448-cd232445fcb9|drop table if exists ListData cascade |drop table if exists ListData cascade 
1719556814156|1|statement|connection 10|url jdbc:h2:mem:70c65698-3289-4335-a448-cd232445fcb9|drop table if exists ListDataTypes cascade |drop table if exists ListDataTypes cascade 
1719556814158|1|statement|connection 10|url jdbc:h2:mem:70c65698-3289-4335-a448-cd232445fcb9|drop table if exists ListNames cascade |drop table if exists ListNames cascade 
1719556814159|0|statement|connection 10|url jdbc:h2:mem:70c65698-3289-4335-a448-cd232445fcb9|drop table if exists Regions cascade |drop table if exists Regions cascade 
1719556814160|0|statement|connection 10|url jdbc:h2:mem:70c65698-3289-4335-a448-cd232445fcb9|drop table if exists Roles cascade |drop table if exists Roles cascade 
1719556814161|0|statement|connection 10|url jdbc:h2:mem:70c65698-3289-4335-a448-cd232445fcb9|drop table if exists Tags cascade |drop table if exists Tags cascade 
1719556814162|0|statement|connection 10|url jdbc:h2:mem:70c65698-3289-4335-a448-cd232445fcb9|drop table if exists Users cascade |drop table if exists Users cascade 
1719556886560|1|statement|connection 10|url jdbc:h2:mem:057a3465-6d10-4827-9eb0-b1b9f965cd5f|drop table if exists Areas cascade |drop table if exists Areas cascade 
1719556886561|0|statement|connection 10|url jdbc:h2:mem:057a3465-6d10-4827-9eb0-b1b9f965cd5f|drop table if exists CasNames cascade |drop table if exists CasNames cascade 
1719556886562|0|statement|connection 10|url jdbc:h2:mem:057a3465-6d10-4827-9eb0-b1b9f965cd5f|drop table if exists CasSyns cascade |drop table if exists CasSyns cascade 
1719556886563|0|statement|connection 10|url jdbc:h2:mem:057a3465-6d10-4827-9eb0-b1b9f965cd5f|drop table if exists Companies cascade |drop table if exists Companies cascade 
1719556886564|0|statement|connection 10|url jdbc:h2:mem:057a3465-6d10-4827-9eb0-b1b9f965cd5f|drop table if exists Languages cascade |drop table if exists Languages cascade 
1719556886564|0|statement|connection 10|url jdbc:h2:mem:057a3465-6d10-4827-9eb0-b1b9f965cd5f|drop table if exists ListData cascade |drop table if exists ListData cascade 
1719556886565|0|statement|connection 10|url jdbc:h2:mem:057a3465-6d10-4827-9eb0-b1b9f965cd5f|drop table if exists ListDataTypes cascade |drop table if exists ListDataTypes cascade 
1719556886566|0|statement|connection 10|url jdbc:h2:mem:057a3465-6d10-4827-9eb0-b1b9f965cd5f|drop table if exists ListNames cascade |drop table if exists ListNames cascade 
1719556886567|0|statement|connection 10|url jdbc:h2:mem:057a3465-6d10-4827-9eb0-b1b9f965cd5f|drop table if exists Regions cascade |drop table if exists Regions cascade 
1719556886568|0|statement|connection 10|url jdbc:h2:mem:057a3465-6d10-4827-9eb0-b1b9f965cd5f|drop table if exists Roles cascade |drop table if exists Roles cascade 
1719556886569|0|statement|connection 10|url jdbc:h2:mem:057a3465-6d10-4827-9eb0-b1b9f965cd5f|drop table if exists Tags cascade |drop table if exists Tags cascade 
1719556886569|0|statement|connection 10|url jdbc:h2:mem:057a3465-6d10-4827-9eb0-b1b9f965cd5f|drop table if exists Users cascade |drop table if exists Users cascade 
1719556930521|1|statement|connection 10|url jdbc:h2:mem:20b13906-9c99-40c3-9b4c-a7731b2cc750|drop table if exists Areas cascade |drop table if exists Areas cascade 
1719556930522|0|statement|connection 10|url jdbc:h2:mem:20b13906-9c99-40c3-9b4c-a7731b2cc750|drop table if exists CasNames cascade |drop table if exists CasNames cascade 
1719556930523|0|statement|connection 10|url jdbc:h2:mem:20b13906-9c99-40c3-9b4c-a7731b2cc750|drop table if exists CasSyns cascade |drop table if exists CasSyns cascade 
1719556930525|1|statement|connection 10|url jdbc:h2:mem:20b13906-9c99-40c3-9b4c-a7731b2cc750|drop table if exists Companies cascade |drop table if exists Companies cascade 
1719556930525|0|statement|connection 10|url jdbc:h2:mem:20b13906-9c99-40c3-9b4c-a7731b2cc750|drop table if exists Languages cascade |drop table if exists Languages cascade 
1719556930526|0|statement|connection 10|url jdbc:h2:mem:20b13906-9c99-40c3-9b4c-a7731b2cc750|drop table if exists ListData cascade |drop table if exists ListData cascade 
1719556930527|0|statement|connection 10|url jdbc:h2:mem:20b13906-9c99-40c3-9b4c-a7731b2cc750|drop table if exists ListDataTypes cascade |drop table if exists ListDataTypes cascade 
1719556930528|1|statement|connection 10|url jdbc:h2:mem:20b13906-9c99-40c3-9b4c-a7731b2cc750|drop table if exists ListNames cascade |drop table if exists ListNames cascade 
1719556930529|0|statement|connection 10|url jdbc:h2:mem:20b13906-9c99-40c3-9b4c-a7731b2cc750|drop table if exists Regions cascade |drop table if exists Regions cascade 
1719556930530|0|statement|connection 10|url jdbc:h2:mem:20b13906-9c99-40c3-9b4c-a7731b2cc750|drop table if exists Roles cascade |drop table if exists Roles cascade 
1719556930531|0|statement|connection 10|url jdbc:h2:mem:20b13906-9c99-40c3-9b4c-a7731b2cc750|drop table if exists Tags cascade |drop table if exists Tags cascade 
1719556930532|0|statement|connection 10|url jdbc:h2:mem:20b13906-9c99-40c3-9b4c-a7731b2cc750|drop table if exists Users cascade |drop table if exists Users cascade 
